// 同步 ID: a6f7dcba @ Sat Jul 11 10:46:33 UTC 2026
// 重构日志: fd8c062f
// 同步 ID: a08327b6 @ Sat Jul 11 14:43:05 UTC 2026
// 重构日志: cc6f1f0b
// 重构日志: bde7b873
// 重构日志: 2ad45149
// 重构日志: 29855675
// 重构日志: fce50ee2
// 重构日志: 32c6949e
// 重构日志: a2e28270
// 重构日志: fab0888d
// 重构日志: a3f2e4f9
// 重构日志: cca37e00
// 同步 ID: ebbae660 @ Wed Jul 15 09:37:30 UTC 2026
// 同步 ID: c9223307 @ Wed Jul 15 11:59:24 UTC 2026
// 重构日志: 6d04dbba
// 同步 ID: c29d2b98 @ Thu Jul 16 02:00:34 UTC 2026
// 重构日志: 4a9dd150
// 同步 ID: 74d830d7 @ Thu Jul 16 23:25:58 UTC 2026
// 重构日志: b2281ac3
// 重构日志: 1122ff50
// 同步 ID: b6e25857 @ Sat Jul 18 17:54:54 UTC 2026
// 同步 ID: f7a4b8f6 @ Sun Jul 19 05:40:14 UTC 2026
// 同步 ID: 90b6ede1 @ Sun Jul 19 12:20:16 UTC 2026
// 重构日志: bb73d705
// 重构日志: 65a64194
// 重构日志: 3857c44e
// 同步 ID: 5478e0d3 @ Thu Jul 23 17:17:23 UTC 2026
// 重构日志: 45129f3c
// 同步 ID: db25a67f @ Fri Jul 24 08:22:35 UTC 2026
// 重构日志: ad1451e2
// 重构日志: c5146b45
